\BOOKMARK [0][-]{chapter.1}{Introduction}{}% 1
\BOOKMARK [1][-]{section.1.1}{How to Cite This Program}{chapter.1}% 2
\BOOKMARK [1][-]{section.1.2}{Version 1.0}{chapter.1}% 3
\BOOKMARK [1][-]{section.1.3}{Structure of Program}{chapter.1}% 4
\BOOKMARK [1][-]{section.1.4}{Diagram of Program Structure}{chapter.1}% 5
\BOOKMARK [0][-]{chapter.2}{Using the command line program }{}% 6
\BOOKMARK [1][-]{section.2.1}{Installation and Set Up}{chapter.2}% 7
\BOOKMARK [1][-]{section.2.2}{Creating a white dwarf input file}{chapter.2}% 8
\BOOKMARK [1][-]{section.2.3}{Creating input files for other models}{chapter.2}% 9
\BOOKMARK [1][-]{section.2.4}{Comments in Input Files}{chapter.2}% 10
\BOOKMARK [1][-]{section.2.5}{The output}{chapter.2}% 11
\BOOKMARK [1][-]{section.2.6}{Sample Input}{chapter.2}% 12
\BOOKMARK [-1][-]{part.1}{I Base Classes}{}% 13
\BOOKMARK [0][-]{chapter.3}{The Star Abstract Class }{part.1}% 14
\BOOKMARK [1][-]{section.3.1}{The Star Interface}{chapter.3}% 15
\BOOKMARK [2][-]{subsection.3.1.1}{Physics}{section.3.1}% 16
\BOOKMARK [2][-]{subsection.3.1.2}{Miscellaneous}{section.3.1}% 17
\BOOKMARK [2][-]{subsection.3.1.3}{Boundary conditions for modes}{section.3.1}% 18
\BOOKMARK [1][-]{section.3.2}{The Star Implementation}{chapter.3}% 19
\BOOKMARK [2][-]{subsection.3.2.1}{The generic stellar SSR\(\)}{section.3.2}% 20
\BOOKMARK [1][-]{section.3.3}{How to make new Star children}{chapter.3}% 21
\BOOKMARK [1][-]{section.3.4}{References}{chapter.3}% 22
\BOOKMARK [0][-]{chapter.4}{The ModeDriver Abstract Class }{part.1}% 23
\BOOKMARK [1][-]{section.4.1}{The ModeDriver Interface}{chapter.4}% 24
\BOOKMARK [2][-]{subsection.4.1.1}{Constants}{section.4.1}% 25
\BOOKMARK [2][-]{subsection.4.1.2}{Physics}{section.4.1}% 26
\BOOKMARK [2][-]{subsection.4.1.3}{Calculation}{section.4.1}% 27
\BOOKMARK [2][-]{subsection.4.1.4}{Miscellaneous}{section.4.1}% 28
\BOOKMARK [2][-]{subsection.4.1.5}{Constructor}{section.4.1}% 29
\BOOKMARK [2][-]{subsection.4.1.6}{Boundary conditions for modes}{section.4.1}% 30
\BOOKMARK [1][-]{section.4.2}{The ModeDriver Implementation}{chapter.4}% 31
\BOOKMARK [1][-]{section.4.3}{Solution method }{chapter.4}% 32
\BOOKMARK [1][-]{section.4.4}{How to make new ModeDriver children}{chapter.4}% 33
\BOOKMARK [1][-]{section.4.5}{References}{chapter.4}% 34
\BOOKMARK [0][-]{chapter.5}{The Mode<N> Class }{part.1}% 35
\BOOKMARK [1][-]{section.5.1}{The Mode<N> Interface}{chapter.5}% 36
\BOOKMARK [2][-]{subsection.5.1.1}{Mode Properties}{section.5.1}% 37
\BOOKMARK [2][-]{subsection.5.1.2}{Physics}{section.5.1}% 38
\BOOKMARK [2][-]{subsection.5.1.3}{Miscellaneous}{section.5.1}% 39
\BOOKMARK [2][-]{subsection.5.1.4}{Constructors}{section.5.1}% 40
\BOOKMARK [1][-]{section.5.2}{The Mode<N> Implementation}{chapter.5}% 41
\BOOKMARK [2][-]{subsection.5.2.1}{Constants}{section.5.2}% 42
\BOOKMARK [2][-]{subsection.5.2.2}{Physics}{section.5.2}% 43
\BOOKMARK [2][-]{subsection.5.2.3}{Calculation}{section.5.2}% 44
\BOOKMARK [2][-]{subsection.5.2.4}{Constructors}{section.5.2}% 45
\BOOKMARK [2][-]{subsection.5.2.5}{The solution process}{section.5.2}% 46
\BOOKMARK [1][-]{section.5.3}{How to extend Mode<N>}{chapter.5}% 47
\BOOKMARK [1][-]{section.5.4}{A note about editing Mode<N>}{chapter.5}% 48
\BOOKMARK [1][-]{section.5.5}{References}{chapter.5}% 49
\BOOKMARK [-1][-]{part.2}{II The White Dwarf Models}{}% 50
\BOOKMARK [0][-]{chapter.6}{The SimpleWD Class }{part.2}% 51
\BOOKMARK [1][-]{section.6.1}{The SimpleWD Interface}{chapter.6}% 52
\BOOKMARK [2][-]{subsection.6.1.1}{Constructors}{section.6.1}% 53
\BOOKMARK [1][-]{section.6.2}{The SimpleWD Implementation}{chapter.6}% 54
\BOOKMARK [2][-]{subsection.6.2.1}{Constants}{section.6.2}% 55
\BOOKMARK [2][-]{subsection.6.2.2}{Solution Variables}{section.6.2}% 56
\BOOKMARK [2][-]{subsection.6.2.3}{Physics}{section.6.2}% 57
\BOOKMARK [2][-]{subsection.6.2.4}{Constructor}{section.6.2}% 58
\BOOKMARK [2][-]{subsection.6.2.5}{Calculation}{section.6.2}% 59
\BOOKMARK [2][-]{subsection.6.2.6}{The Atmosphere}{section.6.2}% 60
\BOOKMARK [2][-]{subsection.6.2.7}{Boundary conditions for modes}{section.6.2}% 61
\BOOKMARK [1][-]{section.6.3}{Limitations}{chapter.6}% 62
\BOOKMARK [1][-]{section.6.4}{Internal Logic Behind the Interface}{chapter.6}% 63
\BOOKMARK [1][-]{section.6.5}{References}{chapter.6}% 64
\BOOKMARK [0][-]{chapter.7}{The Stellar Library }{part.2}% 65
\BOOKMARK [1][-]{section.7.1}{chemical}{chapter.7}% 66
\BOOKMARK [1][-]{section.7.2}{Abundance}{chapter.7}% 67
\BOOKMARK [1][-]{section.7.3}{StellarVar}{chapter.7}% 68
\BOOKMARK [1][-]{section.7.4}{EOS}{chapter.7}% 69
\BOOKMARK [1][-]{section.7.5}{PartialPressure}{chapter.7}% 70
\BOOKMARK [1][-]{section.7.6}{The chandra library}{chapter.7}% 71
\BOOKMARK [0][-]{chapter.8}{The Partial Pressures }{part.2}% 72
\BOOKMARK [1][-]{section.8.1}{PartialPressure}{chapter.8}% 73
\BOOKMARK [1][-]{section.8.2}{How to Define New Pressures}{chapter.8}% 74
\BOOKMARK [1][-]{section.8.3}{Ideal Gas Pressure, ideal}{chapter.8}% 75
\BOOKMARK [1][-]{section.8.4}{Radiation Pressure, rad\137gas}{chapter.8}% 76
\BOOKMARK [1][-]{section.8.5}{Coulomb Repulsion, coul}{chapter.8}% 77
\BOOKMARK [1][-]{section.8.6}{Fully Degenerate \(T=0\) Electron Pressure, deg\137zero}{chapter.8}% 78
\BOOKMARK [1][-]{section.8.7}{Partially Degenerate Electron Pressure, deg\137finite}{chapter.8}% 79
\BOOKMARK [1][-]{section.8.8}{Arbitrarily Degenerate Electron Pressure, deg\137trap}{chapter.8}% 80
\BOOKMARK [-1][-]{part.3}{III Simple Stellar Models}{}% 81
\BOOKMARK [0][-]{chapter.9}{The Polytrope Class }{part.3}% 82
\BOOKMARK [1][-]{section.9.1}{The Polytrope Interface}{chapter.9}% 83
\BOOKMARK [2][-]{subsection.9.1.1}{Constructors}{section.9.1}% 84
\BOOKMARK [1][-]{section.9.2}{The Polytrope Implementation}{chapter.9}% 85
\BOOKMARK [2][-]{subsection.9.2.1}{Constants}{section.9.2}% 86
\BOOKMARK [2][-]{subsection.9.2.2}{Solution Variables}{section.9.2}% 87
\BOOKMARK [2][-]{subsection.9.2.3}{Constructors}{section.9.2}% 88
\BOOKMARK [2][-]{subsection.9.2.4}{Calculation}{section.9.2}% 89
\BOOKMARK [2][-]{subsection.9.2.5}{Boundary conditions for modes}{section.9.2}% 90
\BOOKMARK [1][-]{section.9.3}{Internal Logic Behind the Interface}{chapter.9}% 91
\BOOKMARK [1][-]{section.9.4}{References}{chapter.9}% 92
\BOOKMARK [0][-]{chapter.10}{The ChandrasekharWD Class }{part.3}% 93
\BOOKMARK [1][-]{section.10.1}{The ChandrasekharWD Interface}{chapter.10}% 94
\BOOKMARK [2][-]{subsection.10.1.1}{Constructors}{section.10.1}% 95
\BOOKMARK [1][-]{section.10.2}{The ChandrasekharWD Implementation}{chapter.10}% 96
\BOOKMARK [2][-]{subsection.10.2.1}{Constants}{section.10.2}% 97
\BOOKMARK [2][-]{subsection.10.2.2}{Solution Variables}{section.10.2}% 98
\BOOKMARK [2][-]{subsection.10.2.3}{Constructors}{section.10.2}% 99
\BOOKMARK [2][-]{subsection.10.2.4}{Calculation}{section.10.2}% 100
\BOOKMARK [2][-]{subsection.10.2.5}{Boundary conditions for modes}{section.10.2}% 101
\BOOKMARK [1][-]{section.10.3}{Internal Logic Behind the Interface}{chapter.10}% 102
\BOOKMARK [1][-]{section.10.4}{References}{chapter.10}% 103
\BOOKMARK [0][-]{chapter.11}{The MESA Class }{part.3}% 104
\BOOKMARK [1][-]{section.11.1}{The MESA Interface}{chapter.11}% 105
\BOOKMARK [2][-]{subsection.11.1.1}{Constructors}{section.11.1}% 106
\BOOKMARK [1][-]{section.11.2}{The MESA Implementation}{chapter.11}% 107
\BOOKMARK [2][-]{subsection.11.2.1}{Constants}{section.11.2}% 108
\BOOKMARK [2][-]{subsection.11.2.2}{Solution Variables}{section.11.2}% 109
\BOOKMARK [2][-]{subsection.11.2.3}{Stellar Properties for Waves}{section.11.2}% 110
\BOOKMARK [2][-]{subsection.11.2.4}{Constructor}{section.11.2}% 111
\BOOKMARK [2][-]{subsection.11.2.5}{Calculation}{section.11.2}% 112
\BOOKMARK [2][-]{subsection.11.2.6}{Boundary conditions for modes}{section.11.2}% 113
\BOOKMARK [1][-]{section.11.3}{Internal Logic Behind the Implementation}{chapter.11}% 114
\BOOKMARK [1][-]{section.11.4}{Limitations}{chapter.11}% 115
\BOOKMARK [1][-]{section.11.5}{References}{chapter.11}% 116
\BOOKMARK [-1][-]{part.4}{IV Mode Drivers}{}% 117
\BOOKMARK [0][-]{chapter.12}{The NonradialModeDriver Class }{part.4}% 118
\BOOKMARK [1][-]{section.12.1}{The NonradialModeDriver Interface}{chapter.12}% 119
\BOOKMARK [2][-]{subsection.12.1.1}{Constructor}{section.12.1}% 120
\BOOKMARK [1][-]{section.12.2}{The NonradialModeDriver Implementation}{chapter.12}% 121
\BOOKMARK [2][-]{subsection.12.2.1}{Constants}{section.12.2}% 122
\BOOKMARK [2][-]{subsection.12.2.2}{Physics}{section.12.2}% 123
\BOOKMARK [2][-]{subsection.12.2.3}{Calculation}{section.12.2}% 124
\BOOKMARK [2][-]{subsection.12.2.4}{Constructor}{section.12.2}% 125
\BOOKMARK [2][-]{subsection.12.2.5}{Miscellaneous}{section.12.2}% 126
\BOOKMARK [2][-]{subsection.12.2.6}{Boundary conditions}{section.12.2}% 127
\BOOKMARK [1][-]{section.12.3}{References}{chapter.12}% 128
\BOOKMARK [0][-]{chapter.13}{The CowlingModeDriver Class }{part.4}% 129
\BOOKMARK [1][-]{section.13.1}{References}{chapter.13}% 130
